2019-01-21 15:23:54,306 - os.name - Windows 7
2019-01-21 15:23:54,306 - os.arch - x86
2019-01-21 15:23:54,306 - os.version - 6.1
2019-01-21 15:23:54,306 - java.version - 1.8.0_152
2019-01-21 15:23:54,306 - java.vendor - Oracle Corporation
2019-01-21 15:23:54,306 - java.vendor.url - http://java.oracle.com/
2019-01-21 15:23:54,306 - java.home - D:\Apps\TrueSTUDIO for STM32 9.0.0\ide\jre
2019-01-21 15:23:54,306 - java.vm.specification.name - Java Virtual Machine Specification
2019-01-21 15:23:54,306 - java.vm.specification.vendor - Oracle Corporation
2019-01-21 15:23:54,306 - java.vm.specification.version - 1.8
2019-01-21 15:23:54,306 - java.class.path - D:\Apps\TrueSTUDIO for STM32 9.0.0\ide\plugins\org.eclipse.equinox.launcher_1.3.200.v20160318-1642.jar
2019-01-21 15:23:54,306 - java.library.path - D:\Apps\TrueSTUDIO for STM32 9.0.0\ide;C:\windows\Sun\Java\bin;C:\windows\system32;C:\windows;D:/Apps/TrueSTUDIO for STM32 9.0.0/ide/jre/bin/client;D:/Apps/TrueSTUDIO for STM32 9.0.0/ide/jre/bin;D:/Apps/TrueSTUDIO for STM32 9.0.0/ide/jre/lib/i386;D:\Apps\Microchip\xc8\v1.12\bin;C:\Program Files (x86)\Microchip\xc8\v1.12\bin;C:\Program Files (x86)\Python36-32\Scripts\;C:\Program Files (x86)\Python36-32\;C:\ProgramData\Oracle\Java\javapath;C:\windows\system32;C:\windows;C:\windows\System32\Wbem;C:\windows\System32\WindowsPowerShell\v1.0\;C:\Program Files\TortoiseGit\bin;C:\Program Files (x86)\STMicroelectronics\STM32 ST-LINK Utility\ST-LINK Utility;C:\Program Files (x86)\Microchip\xc8\v1.45\bin;C:\Program Files (x86)\Microchip\xc16\v1.34\bin;C:\windows\System32\WindowsPowerShell\v1.0\;C:\windows\System32\WindowsPowerShell\v1.0\;C:\Program Files\Git\cmd;D:\Apps\Atmel\Flip 3.4.7;D:\Apps\MinGW\bin;D:\User data\Omar\ei.CESI\SPI\DEV\LIFI_SPI_FW-master;;.
2019-01-21 15:23:54,306 - --------------------------------------
2019-01-21 15:23:54,306 - ## Eclipse Plug-ins Log Information ##
2019-01-21 15:23:54,306 - --------------------------------------
2019-01-21 15:23:54,306 - org.eclipse.team.svn.revision.graph - 4.0.0.I20160226-1700
2019-01-21 15:23:54,321 - javax.el - 2.2.0.v201303151357
2019-01-21 15:23:54,337 - javax.servlet - 3.1.0.v201410161800
2019-01-21 15:23:54,337 - javax.servlet.jsp - 2.2.0.v201112011158
2019-01-21 15:23:54,337 - com.sun.el - 2.2.0.v201303151357
2019-01-21 15:23:54,337 - org.apache.commons.logging - 1.1.1.v201101211721
2019-01-21 15:23:54,353 - org.apache.jasper.glassfish - 2.2.2.v201501141630
2019-01-21 15:23:54,353 - org.apache.lucene.analysis - 3.5.0.v20120725-1805
2019-01-21 15:23:54,353 - org.apache.lucene.core - 3.5.0.v20120725-1805
2019-01-21 15:23:54,353 - org.eclipse.equinox.http.jetty - 3.3.0.v20160324-1850
2019-01-21 15:23:54,353 - org.eclipse.equinox.http.registry - 1.1.400.v20150715-1528
2019-01-21 15:23:54,368 - org.eclipse.equinox.http.servlet - 1.3.1.v20160808-1329
2019-01-21 15:23:54,368 - org.eclipse.equinox.jsp.jasper - 1.0.500.v20150119-1358
2019-01-21 15:23:54,368 - org.eclipse.equinox.jsp.jasper.registry - 1.0.300.v20130327-1442
2019-01-21 15:23:54,368 - org.eclipse.help.base - 4.1.0.v20160907-1200
2019-01-21 15:23:54,368 - org.eclipse.help.ui - 4.0.200.v20160510-0758
2019-01-21 15:23:54,384 - org.eclipse.help.webapp - 3.8.0.v20160504-0839
2019-01-21 15:23:54,384 - org.eclipse.jetty.continuation - 9.3.9.v20160517
2019-01-21 15:23:54,384 - org.eclipse.jetty.http - 9.3.9.v20160517
2019-01-21 15:23:54,384 - org.eclipse.jetty.io - 9.3.9.v20160517
2019-01-21 15:23:54,399 - org.eclipse.jetty.security - 9.3.9.v20160517
2019-01-21 15:23:54,399 - org.eclipse.jetty.server - 9.3.9.v20160517
2019-01-21 15:23:54,399 - org.eclipse.jetty.servlet - 9.3.9.v20160517
2019-01-21 15:23:54,415 - org.eclipse.jetty.util - 9.3.9.v20160517
2019-01-21 15:23:54,415 - org.eclipse.core.net - 1.3.0.v20160418-1534
2019-01-21 15:23:54,415 - org.eclipse.equinox.security - 1.2.200.v20150715-1528
2019-01-21 15:23:54,431 - org.eclipse.wb.os - 1.9.0.201608251253
2019-01-21 15:23:54,431 - org.eclipse.wb.runtime - 1.9.0.201608251253
2019-01-21 15:23:54,431 - org.eclipse.wb.runtime.lib - 1.9.0.201608251253
2019-01-21 15:23:54,431 - org.eclipse.wb.core - 1.9.0.201608251253
2019-01-21 15:23:54,431 - org.eclipse.wb.core.lib - 1.9.0.201608251253
2019-01-21 15:23:54,446 - org.eclipse.wb.os.win32 - 1.9.0.201608251253
2019-01-21 15:23:54,446 - org.eclipse.mylyn.bugzilla.core - 3.20.0.v20160425-1835
2019-01-21 15:23:54,446 - org.eclipse.mylyn.bugzilla.ui - 3.20.0.v20160425-1835
2019-01-21 15:23:54,446 - org.eclipse.sequoyah.device.backward - 2.1.0.N20120718-0509
2019-01-21 15:23:54,446 - org.eclipse.sequoyah.device.framework - 2.1.0.N20120718-0509
2019-01-21 15:23:54,446 - org.eclipse.sequoyah.device.framework.ui - 2.1.0.N20120718-0509
2019-01-21 15:23:54,446 - org.eclipse.sequoyah.device.service.start - 2.1.0.N20120718-0509
2019-01-21 15:23:54,462 - org.eclipse.sequoyah.device.service.stop - 2.1.0.N20120718-0509
2019-01-21 15:23:54,462 - org.eclipse.sequoyah.device.framework.wizard - 2.1.0.N20120718-0509
2019-01-21 15:23:54,462 - com.itsolut.mantis.core - 3.10.1.201407122122
2019-01-21 15:23:54,462 - com.itsolut.mantis.ui - 3.10.1.201407122122
2019-01-21 15:23:54,462 - com.google.collect - 1.0.0.v201105210816
2019-01-21 15:23:54,462 - com.google.inject - 3.0.0.v201605172100
2019-01-21 15:23:54,462 - org.aopalliance - 1.0.0.v201105210816
2019-01-21 15:23:54,477 - org.eclipse.mylyn.commons.soap - 3.7.0.v20120319-0200
2019-01-21 15:23:54,477 - org.eclipse.sdk - 4.6.1.v20160907-1200
2019-01-21 15:23:54,477 - org.eclipse.xtext.xbase.lib - 2.10.0.v201605250459
2019-01-21 15:23:54,493 - org.eclipse.egit.core - 4.4.1.201607150455-r
2019-01-21 15:23:54,493 - org.eclipse.egit.ui - 4.4.1.201607150455-r
2019-01-21 15:23:54,493 - org.eclipse.egit - 4.4.1.201607150455-r
2019-01-21 15:23:54,493 - org.eclipse.egit.doc - 4.4.1.201607150455-r
2019-01-21 15:23:54,493 - org.eclipse.mylyn.tasks.core - 3.20.0.v20160608-1838
2019-01-21 15:23:54,509 - org.eclipse.mylyn.tasks.index.core - 3.20.0.v20160425-1835
2019-01-21 15:23:54,509 - org.eclipse.mylyn.tasks.index.ui - 3.20.0.v20160425-1835
2019-01-21 15:23:54,509 - org.eclipse.mylyn.tasks.search - 3.20.0.v20160425-1835
2019-01-21 15:23:54,509 - org.eclipse.mylyn.tasks.ui - 3.20.0.v20160608-1838
2019-01-21 15:23:54,509 - org.polarion.eclipse.team.svn.connector.javahl18.win32 - 6.0.0.I20160427-1700
2019-01-21 15:23:54,509 - org.eclipse.gef - 3.11.0.201606061308
2019-01-21 15:23:54,524 - org.eclipse.mylyn.commons.identity.core - 1.12.0.v20160421-1819
2019-01-21 15:23:54,524 - org.eclipse.tm.terminal.view.core - 4.0.0.201512160834
2019-01-21 15:23:54,524 - org.eclipse.tm.terminal.view.ui - 4.1.0.201606052343
2019-01-21 15:23:54,524 - org.eclipse.xtext.xbase - 2.10.0.v201605250459
2019-01-21 15:23:54,524 - org.eclipse.xtext.xbase.ui - 2.10.0.v201605250459
2019-01-21 15:23:54,524 - org.eclipse.xtext.xbase.junit - 2.10.0.v201605250459
2019-01-21 15:23:54,524 - org.eclipse.xtext.xbase.ide - 2.10.0.v201605250459
2019-01-21 15:23:54,540 - org.eclipse.datatools.enablement.sqlite - 1.1.0.201603142002
2019-01-21 15:23:54,540 - org.eclipse.datatools.enablement.sqlite.dbdefinition - 1.1.0.201603142002
2019-01-21 15:23:54,540 - org.eclipse.datatools.enablement.sqlite.ui - 1.1.0.201603142002
2019-01-21 15:23:54,540 - org.eclipse.datatools.enablement.finfo - 1.6.0.201603142002
2019-01-21 15:23:54,540 - org.eclipse.emf.codegen.ui - 2.6.0.v20160526-0356
2019-01-21 15:23:54,540 - org.eclipse.team.svn.mylyn - 4.0.0.I20160226-1700
2019-01-21 15:23:54,555 - org.eclipse.mylyn.commons.notifications.core - 1.12.0.v20160421-1819
2019-01-21 15:23:54,555 - org.eclipse.mylyn.commons.notifications.feed - 1.12.0.v20160421-1819
2019-01-21 15:23:54,555 - org.eclipse.mylyn.commons.notifications.ui - 1.12.0.v20160421-1819
2019-01-21 15:23:54,555 - org.eclipse.mylyn.cvs.core - 1.12.0.v20160421-1824
2019-01-21 15:23:54,555 - org.eclipse.emf.converter - 2.7.0.v20160526-0356
2019-01-21 15:23:54,571 - org.eclipse.emf.importer - 2.9.0.v20160526-0356
2019-01-21 15:23:54,571 - org.eclipse.emf.exporter - 2.7.0.v20160526-0356
2019-01-21 15:23:54,571 - org.eclipse.emf.importer.ecore - 2.8.0.v20160526-0356
2019-01-21 15:23:54,571 - org.eclipse.emf.importer.java - 2.7.0.v20160526-0356
2019-01-21 15:23:54,571 - org.eclipse.emf.importer.rose - 2.8.0.v20160526-0356
2019-01-21 15:23:54,571 - org.eclipse.emf.edit.ui - 2.12.0.v20160526-0356
2019-01-21 15:23:54,571 - org.eclipse.help - 3.7.0.v20160602-1307
2019-01-21 15:23:54,587 - org.eclipse.ui - 3.108.0.v20160518-1929
2019-01-21 15:23:54,587 - org.eclipse.ui.workbench - 3.108.1.v20160819-2118
2019-01-21 15:23:54,587 - org.eclipse.update.configurator - 3.3.400.v20160506-0750
2019-01-21 15:23:54,587 - org.eclipse.rcp - 4.6.1.v20160907-1200
2019-01-21 15:23:54,587 - org.eclipse.cvs - 1.4.300.v20160907-1200
2019-01-21 15:23:54,587 - org.eclipse.team.cvs.core - 3.4.0.v20160418-1534
2019-01-21 15:23:54,587 - org.eclipse.team.cvs.ssh2 - 3.3.0.v20160418-1534
2019-01-21 15:23:54,587 - org.eclipse.team.cvs.ui - 3.4.0.v20160518-1906
2019-01-21 15:23:54,602 - org.eclipse.mylyn.commons.repositories.http.core - 1.12.0.v20160421-1819
2019-01-21 15:23:54,602 - org.eclipse.datatools.connectivity.oda.design.ui - 3.3.0.201603142002
2019-01-21 15:23:54,602 - org.eclipse.datatools.connectivity.ui.dse - 1.2.0.201603142002
2019-01-21 15:23:54,602 - org.eclipse.datatools.connectivity.ui - 1.3.0.201603142002
2019-01-21 15:23:54,602 - org.eclipse.datatools.connectivity.sqm.core - 1.3.0.201603142002
2019-01-21 15:23:54,602 - org.eclipse.datatools.help - 1.6.0.201603142002
2019-01-21 15:23:54,618 - org.eclipse.cdt.mylyn.ui - 3.20.0.v20160421-1902
2019-01-21 15:23:54,618 - org.eclipse.jdt - 3.12.1.v20160907-1200
2019-01-21 15:23:54,618 - org.eclipse.ant.ui - 3.6.200.v20160525-1820
2019-01-21 15:23:54,633 - org.eclipse.jdt.apt.core - 3.4.100.v20160525-0952
2019-01-21 15:23:54,633 - org.eclipse.jdt.apt.ui - 3.4.100.v20160418-1457
2019-01-21 15:23:54,633 - org.eclipse.jdt.apt.pluggable.core - 1.1.100.v20160418-1457
2019-01-21 15:23:54,633 - org.eclipse.jdt.compiler.apt - 1.2.100.v20160418-1457
2019-01-21 15:23:54,633 - org.eclipse.jdt.compiler.tool - 1.1.100.v20160418-1457
2019-01-21 15:23:54,633 - org.eclipse.jdt.core - 3.12.1.v20160829-0950
2019-01-21 15:23:54,633 - org.eclipse.jdt.annotation - 2.1.0.v20160418-1457
2019-01-21 15:23:54,633 - org.eclipse.jdt.annotation - 2.1.0.v20160418-1457
2019-01-21 15:23:54,633 - org.eclipse.jdt.core.manipulation - 1.7.0.v20160419-0705
2019-01-21 15:23:54,633 - org.eclipse.jdt.debug.ui - 3.7.201.v20160811-0450
2019-01-21 15:23:54,665 - org.eclipse.jdt.debug - 3.10.1.v20160811-0441
2019-01-21 15:23:54,665 - org.eclipse.jdt.junit - 3.9.0.v20160421-1701
2019-01-21 15:23:54,665 - org.eclipse.jdt.junit.core - 3.8.0.v20160421-1701
2019-01-21 15:23:54,665 - org.eclipse.jdt.junit.runtime - 3.4.600.v20160505-0715
2019-01-21 15:23:54,680 - org.eclipse.jdt.junit4.runtime - 1.1.600.v20160505-0715
2019-01-21 15:23:54,680 - org.eclipse.jdt.launching - 3.8.100.v20160505-0636
2019-01-21 15:23:54,680 - org.eclipse.jdt.ui - 3.12.1.v20160822-0645
2019-01-21 15:23:54,680 - org.junit - 4.12.0.v201504281640
2019-01-21 15:23:54,680 - org.hamcrest.core - 1.3.0.v201303031735
2019-01-21 15:23:54,696 - org.eclipse.jdt.doc.user - 3.12.1.v20160727-2009
2019-01-21 15:23:54,696 - org.eclipse.ant.launching - 1.1.200.v20160418-1631
2019-01-21 15:23:54,696 - org.eclipse.emf.common - 2.12.0.v20160420-0247
2019-01-21 15:23:54,696 - org.eclipse.sequoyah.vnc.vncviewer.vncviews - 2.1.0.N20120718-0509
2019-01-21 15:23:54,711 - org.eclipse.xtend.core - 2.10.0.v201605250459
2019-01-21 15:23:54,711 - org.eclipse.xtend.ide.common - 2.10.0.v201605250459
2019-01-21 15:23:54,711 - org.eclipse.xtend.lib - 2.10.0.v201605250459
2019-01-21 15:23:54,711 - org.eclipse.xtend.lib.macro - 2.10.0.v201605250459
2019-01-21 15:23:54,711 - org.eclipse.xtend2.lib - 2.10.0.v201605250459
2019-01-21 15:23:54,711 - org.eclipse.xtend.ide - 2.10.0.v201605250459
2019-01-21 15:23:54,711 - org.eclipse.xtend.examples - 2.10.0.v201605250459
2019-01-21 15:23:54,727 - org.eclipse.xtend.doc - 2.10.0.v201605250459
2019-01-21 15:23:54,727 - org.eclipse.xtend.m2e - 2.10.0.v201605250459
2019-01-21 15:23:54,727 - org.eclipse.xtend.standalone - 2.10.0.v201605250459
2019-01-21 15:23:54,727 - org.eclipse.wb.core.xml - 1.9.0.201608251253
2019-01-21 15:23:54,727 - org.eclipse.wb.core.databinding.xml - 1.9.0.201608251253
2019-01-21 15:23:54,743 - org.eclipse.sdk.tests - 4.6.3.v20170301-0400
2019-01-21 15:23:54,743 - org.eclipse.ant.tests.core - 3.4.100.v20160524-0342
2019-01-21 15:23:54,743 - org.eclipse.ant.tests.ui - 3.9.100.v20160418-1631
2019-01-21 15:23:54,743 - org.eclipse.compare.tests - 3.6.0.v20160323-1650
2019-01-21 15:23:54,743 - org.eclipse.core.tests.harness - 3.11.0.v20160319-0534
2019-01-21 15:23:54,758 - org.eclipse.osgi.tests - 3.11.102.v20170208-1407
2019-01-21 15:23:54,758 - org.eclipse.core.tests.runtime - 3.11.0.v20160422-1752
2019-01-21 15:23:54,758 - org.eclipse.core.tests.resources - 3.9.101.v20161107-2032
2019-01-21 15:23:54,758 - org.eclipse.core.tests.net - 1.4.0.v20160418-1534
2019-01-21 15:23:54,758 - org.eclipse.e4.core.tests - 1.1.0.v20170131-1506
2019-01-21 15:23:54,774 - org.eclipse.e4.core.commands.tests - 0.11.0.v20151005-1655
2019-01-21 15:23:54,774 - org.eclipse.e4.ui.bindings.tests - 0.10.0.v20151005-1657
2019-01-21 15:23:54,774 - org.eclipse.e4.ui.tests.css.core - 1.200.0.v20160414-1245
2019-01-21 15:23:54,774 - org.eclipse.e4.ui.tests.css.swt - 0.10.0.v20160525-0806
2019-01-21 15:23:54,774 - org.eclipse.e4.ui.tests - 0.11.0.v20160427-1559
2019-01-21 15:23:54,774 - com.google.code.atinject.tck - 1.1.0.v20150813-0925
2019-01-21 15:23:54,774 - org.eclipse.equinox.ds.tests - 1.2.300.v20160504-1428
2019-01-21 15:23:54,789 - org.eclipse.jdt.apt.tests - 3.4.0.v20160418-1457
2019-01-21 15:23:54,789 - org.eclipse.jdt.compiler.apt.tests - 1.1.100.v20160418-1457
2019-01-21 15:23:54,789 - org.eclipse.jdt.apt.pluggable.tests - 3.4.100.v20160418-1457
2019-01-21 15:23:54,789 - org.eclipse.jdt.core.tests.builder - 3.10.4.v20170228-1200
2019-01-21 15:23:54,805 - org.eclipse.jdt.core.tests.compiler - 3.12.201.v20170228-1205
2019-01-21 15:23:54,805 - org.eclipse.jdt.core.tests.model - 3.10.202.v20170213-0911
2019-01-21 15:23:54,805 - org.eclipse.jdt.compiler.tool.tests - 1.1.0.v20160418-1457
2019-01-21 15:23:54,805 - org.eclipse.jdt.core.tests.performance - 3.10.0.v20160505-0526
2019-01-21 15:23:54,821 - org.eclipse.jdt.debug.tests - 3.10.1.v20160811-0416
2019-01-21 15:23:54,821 - org.eclipse.jdt.ui.tests - 3.12.2.v20160929-1056
2019-01-21 15:23:54,821 - org.eclipse.jdt.ui.tests.refactoring - 3.12.0.v20160425-1243
2019-01-21 15:23:54,821 - org.eclipse.jdt.text.tests - 3.12.0.v20160422-0630
2019-01-21 15:23:54,821 - org.eclipse.core.expressions.tests - 3.5.0.v20160418-1621
2019-01-21 15:23:54,836 - org.eclipse.ltk.core.refactoring.tests - 3.7.0.v20160419-0705
2019-01-21 15:23:54,836 - org.eclipse.ltk.ui.refactoring.tests - 3.8.0.v20160419-0705
2019-01-21 15:23:54,836 - org.eclipse.text.tests - 3.11.0.v20160503-1849
2019-01-21 15:23:54,836 - org.eclipse.jface.text.tests - 3.11.0.v20160503-1849
2019-01-21 15:23:54,836 - org.eclipse.jsch.tests - 1.1.0.v20160323-1650
2019-01-21 15:23:54,836 - org.eclipse.core.filebuffers.tests - 3.11.0.v20160505-0931
2019-01-21 15:23:54,852 - org.eclipse.debug.tests - 3.10.0.v20160419-1720
2019-01-21 15:23:54,852 - org.eclipse.ui.workbench.texteditor.tests - 3.11.0.v20160503-1849
2019-01-21 15:23:54,852 - org.eclipse.ui.editors.tests - 3.9.1.v20161106-1747
2019-01-21 15:23:54,852 - org.eclipse.search.tests - 3.9.0.v20160503-1849
2019-01-21 15:23:54,852 - org.eclipse.swt.tests - 3.105.3.v20161230-1118
2019-01-21 15:23:54,867 - org.eclipse.jface.tests.databinding - 1.8.1.v20161026-1531
2019-01-21 15:23:54,867 - org.eclipse.jface.tests.databinding.conformance - 1.2.0.v20150813-1848
2019-01-21 15:23:54,867 - org.eclipse.jface.examples.databinding - 1.0.300.v20160517-0715
2019-01-21 15:23:54,867 - org.eclipse.ui.tests - 3.12.1.v20170111-0801
2019-01-21 15:23:54,867 - org.eclipse.ua.tests - 3.3.800.v20160416-0844
2019-01-21 15:23:54,867 - org.eclipse.ua.tests.doc - 1.0.200.v20160416-0844
2019-01-21 15:23:54,883 - org.eclipse.ui.tests.navigator - 3.5.1.v20161006-0640
2019-01-21 15:23:54,883 - org.eclipse.ui.tests.rcp - 3.4.0.v20160107-1316
2019-01-21 15:23:54,883 - org.eclipse.ui.tests.forms - 3.7.1.v20161220-1635
2019-01-21 15:23:54,883 - org.eclipse.pde.ui.tests - 3.2.0.v20160415-0840
2019-01-21 15:23:54,883 - org.eclipse.pde.build.tests - 1.1.700.v20160428-0824
2019-01-21 15:23:54,883 - org.eclipse.pde.ds.tests - 1.1.0.v20150911-1533
2019-01-21 15:23:54,899 - org.eclipse.pde.tools.versioning - 1.0.200.v20140518-1929
2019-01-21 15:23:54,899 - org.eclipse.releng.tests - 3.3.1.v20160705-1904
2019-01-21 15:23:54,899 - org.eclipse.team.tests.cvs.core - 3.4.0.v20160418-1534
2019-01-21 15:23:54,899 - org.eclipse.team.tests.core - 3.8.0.v20160418-1534
2019-01-21 15:23:54,899 - org.eclipse.ui.tests.harness - 1.4.0.v20160329-1915
2019-01-21 15:23:54,899 - org.eclipse.ui.tests.performance - 1.3.0.v20160329-1915
2019-01-21 15:23:54,899 - org.eclipse.ui.tests.views.properties.tabbed - 3.6.0.v20160329-1915
2019-01-21 15:23:54,914 - org.eclipse.pde.api.tools.tests - 1.0.600.v20160722-1007
2019-01-21 15:23:54,914 - org.eclipse.equinox.security.tests - 1.0.200.v20160504-1428
2019-01-21 15:23:54,914 - org.eclipse.equinox.http.servlet.tests - 1.0.100.v20160518-1353
2019-01-21 15:23:54,914 - org.apache.commons.fileupload - 1.2.2.v20111214-1400
2019-01-21 15:23:54,930 - org.apache.commons.io - 2.2.0.v201405211200
2019-01-21 15:23:54,930 - org.eclipse.equinox.p2.installer - 1.0.500.v20160419-0100
2019-01-21 15:23:54,930 - org.eclipse.equinox.p2.tests - 1.6.200.v20161124-1529
2019-01-21 15:23:54,930 - org.eclipse.equinox.p2.tests.discovery - 1.1.0.v20141216-2213
2019-01-21 15:23:54,930 - org.eclipse.equinox.p2.tests.ui - 1.1.200.v20160504-1450
2019-01-21 15:23:54,930 - org.eclipse.equinox.p2.tests.verifier - 1.1.200.v20160504-1450
2019-01-21 15:23:54,945 - org.eclipse.equinox.frameworkadmin.test - 1.1.100.v20150430-1836
2019-01-21 15:23:54,945 - org.eclipse.jdt.core.tests.binaries - 1.0.200.v20160420-0732
2019-01-21 15:23:54,945 - org.eclipse.equinox.bidi.tests - 1.0.100.v20160504-1428
2019-01-21 15:23:54,945 - org.eclipse.update.core - 3.2.800.v20160413-0713
2019-01-21 15:23:54,945 - org.hamcrest - 1.1.0.v20090501071000
2019-01-21 15:23:54,945 - org.hamcrest.core - 1.3.0.v201303031735
2019-01-21 15:23:54,945 - org.hamcrest.integration - 1.1.0.v201303031500
2019-01-21 15:23:54,945 - org.hamcrest.library - 1.1.0.v20090501071000
2019-01-21 15:23:54,961 - org.hamcrest.text - 1.1.0.v20090501071000
2019-01-21 15:23:54,961 - org.mockito - 1.8.4.v201303031500
2019-01-21 15:23:54,961 - org.objenesis - 1.0.0.v201505121915
2019-01-21 15:23:54,961 - org.eclipse.datatools.sqltools.common.ui - 1.1.0.201603142002
2019-01-21 15:23:54,961 - org.eclipse.datatools.sqltools.debugger.core - 1.1.0.201603142002
2019-01-21 15:23:54,961 - org.eclipse.datatools.sqltools.editor.core - 1.1.0.201603142002
2019-01-21 15:23:54,961 - org.eclipse.datatools.sqltools.plan - 1.1.0.201603142002
2019-01-21 15:23:54,961 - org.eclipse.datatools.sqltools.routineeditor - 1.1.0.201603142002
2019-01-21 15:23:54,961 - org.eclipse.datatools.sqltools.sql - 1.1.0.201603142002
2019-01-21 15:23:54,977 - org.eclipse.datatools.sqltools.sqleditor - 1.1.0.201603142002
2019-01-21 15:23:54,977 - org.eclipse.datatools.sqltools.sqlscrapbook - 1.1.0.201603142002
2019-01-21 15:23:54,977 - org.eclipse.datatools.help - 1.6.0.201603142002
2019-01-21 15:23:54,977 - org.eclipse.datatools.sqltools.db.generic - 1.1.0.201603142002
2019-01-21 15:23:54,977 - org.eclipse.datatools.sqltools.debugger.core.ui - 1.1.0.201603142002
2019-01-21 15:23:54,977 - org.eclipse.datatools.sqltools.editor.core.ui - 1.1.0.201603142002
2019-01-21 15:23:54,977 - org.eclipse.datatools.sqltools.result.ui - 1.2.0.201603142002
2019-01-21 15:23:54,977 - org.eclipse.datatools.sqltools.routineeditor.ui - 1.1.0.201603142002
2019-01-21 15:23:54,977 - org.eclipse.datatools.sqltools.sql.ui - 1.1.0.201603142002
2019-01-21 15:23:54,992 - org.objectweb.asm - 5.0.1.v201404251740
2019-01-21 15:23:54,992 - org.eclipse.andmore - 0.5.0.201605181018
2019-01-21 15:23:54,992 - org.eclipse.andmore.base - 0.5.0.201605181018
2019-01-21 15:23:54,992 - org.eclipse.andmore.ddms - 0.5.0.201605181018
2019-01-21 15:23:54,992 - org.eclipse.andmore.overlay - 0.5.0.201605181018
2019-01-21 15:23:55,008 - org.apache.commons.codec - 1.6.0.v201305230611
2019-01-21 15:23:55,008 - org.apache.commons.compress - 1.6.0.v201310281400
2019-01-21 15:23:55,008 - org.apache.httpcomponents.httpclient - 4.3.6.v201511171540
2019-01-21 15:23:55,008 - org.apache.httpcomponents.httpcore - 4.3.3.v201411290715
2019-01-21 15:23:55,008 - org.eclipse.emf.mapping - 2.9.0.v20160526-0356
2019-01-21 15:23:55,023 - org.eclipse.datatools.modelbase.dbdefinition - 1.1.0.201603142002
2019-01-21 15:23:55,023 - org.eclipse.datatools.modelbase.sql.edit - 1.1.0.201603142002
2019-01-21 15:23:55,023 - org.eclipse.datatools.modelbase.sql.query - 1.2.0.201603142002
2019-01-21 15:23:55,023 - org.eclipse.datatools.modelbase.sql.query.edit - 1.1.0.201603142002
2019-01-21 15:23:55,023 - org.eclipse.datatools.modelbase.sql.xml.query - 1.1.0.201603142002
2019-01-21 15:23:55,023 - org.eclipse.datatools.modelbase.sql - 1.1.0.201603142002
2019-01-21 15:23:55,023 - org.eclipse.emf.ecore - 2.12.0.v20160420-0247
2019-01-21 15:23:55,023 - org.eclipse.emf.ecore.change - 2.11.0.v20160420-0247
2019-01-21 15:23:55,023 - org.eclipse.emf.ecore.xmi - 2.12.0.v20160420-0247
2019-01-21 15:23:55,039 - org.eclipse.wb.doc.user - 1.9.0.201608251253
2019-01-21 15:23:55,039 - org.eclipse.jgit - 4.4.1.201607150455-r
2019-01-21 15:23:55,039 - org.eclipse.jgit.archive - 4.4.1.201607150455-r
2019-01-21 15:23:55,039 - com.jcraft.jsch - 0.1.53.v201508180515
2019-01-21 15:23:55,039 - javaewah - 0.7.9.v201605172130
2019-01-21 15:23:55,039 - org.apache.commons.compress - 1.6.0.v201310281400
2019-01-21 15:23:55,039 - org.slf4j.api - 1.7.2.v20121108-1250
2019-01-21 15:23:55,039 - org.slf4j.impl.log4j12 - 1.7.2.v20131105-2200
2019-01-21 15:23:55,055 - org.apache.log4j - 1.2.15.v201012070815
2019-01-21 15:23:55,055 - org.eclipse.mylyn.wikitext.core - 2.9.0.v20160513-1433
2019-01-21 15:23:55,055 - org.eclipse.mylyn.wikitext.core.ant - 2.9.0.v20160513-1433
2019-01-21 15:23:55,055 - org.eclipse.mylyn.wikitext.core.osgi - 2.9.0.v20160513-1433
2019-01-21 15:23:55,055 - org.eclipse.mylyn.wikitext.textile.core - 2.9.0.v20160513-1433
2019-01-21 15:23:55,070 - org.eclipse.mylyn.wikitext.html.core - 2.9.0.v20160513-1433
2019-01-21 15:23:55,070 - org.eclipse.mylyn.wikitext.markdown.core - 2.9.0.v20160513-1433
2019-01-21 15:23:55,070 - org.eclipse.mylyn.wikitext.mediawiki.core - 2.9.0.v20160513-1433
2019-01-21 15:23:55,070 - org.eclipse.mylyn.wikitext.mediawiki.core.ant - 2.9.0.v20160513-1433
2019-01-21 15:23:55,070 - org.eclipse.mylyn.wikitext.confluence.core - 2.9.0.v20160513-1433
2019-01-21 15:23:55,070 - org.eclipse.mylyn.wikitext.tracwiki.core - 2.9.0.v20160513-1433
2019-01-21 15:23:55,086 - org.eclipse.mylyn.wikitext.twiki.core - 2.9.0.v20160519-0832
2019-01-21 15:23:55,086 - org.eclipse.mylyn.wikitext.ui - 2.9.0.v20160516-1547
2019-01-21 15:23:55,086 - org.eclipse.mylyn.wikitext.help.ui - 2.9.0.v20160524-0547
2019-01-21 15:23:55,086 - org.eclipse.mylyn.wikitext.textile.ui - 2.9.0.v20160513-1433
2019-01-21 15:23:55,086 - org.eclipse.mylyn.wikitext.markdown.ui - 2.9.0.v20160513-1433
2019-01-21 15:23:55,086 - org.eclipse.mylyn.wikitext.mediawiki.ui - 2.9.0.v20160513-1433
2019-01-21 15:23:55,086 - org.eclipse.mylyn.wikitext.confluence.ui - 2.9.0.v20160513-1433
2019-01-21 15:23:55,086 - org.eclipse.mylyn.wikitext.tracwiki.ui - 2.9.0.v20160513-1433
2019-01-21 15:23:55,086 - org.eclipse.mylyn.wikitext.twiki.ui - 2.9.0.v20160513-1433
2019-01-21 15:23:55,086 - org.eclipse.mylyn.wikitext.tasks.ui - 2.9.0.v20160513-1433
2019-01-21 15:23:55,086 - org.eclipse.mylyn.wikitext.context.ui - 2.9.0.v20160513-1433
2019-01-21 15:23:55,101 - org.eclipse.mylyn.wikitext.asciidoc.core - 2.9.0.v20160524-1633
2019-01-21 15:23:55,101 - org.eclipse.mylyn.wikitext.asciidoc.ui - 2.9.0.v20160516-1451
2019-01-21 15:23:55,101 - org.eclipse.emf.mapping.ecore.editor - 2.6.0.v20160526-0356
2019-01-21 15:23:55,101 - org.eclipse.emf.mapping.ecore2ecore.editor - 2.7.0.v20160526-0356
2019-01-21 15:23:55,101 - org.eclipse.emf.mapping.ecore2xml.ui - 2.8.0.v20160526-0356
2019-01-21 15:23:55,164 - org.apache.ant - 1.9.6.v201510161327
2019-01-21 15:23:55,164 - org.eclipse.ant.core - 3.4.100.v20160505-0642
2019-01-21 15:23:55,164 - com.jcraft.jsch - 0.1.53.v201508180515
2019-01-21 15:23:55,164 - org.eclipse.compare.core - 3.6.0.v20160418-1534
2019-01-21 15:23:55,164 - org.eclipse.compare - 3.6.0.v20160418-1534
2019-01-21 15:23:55,164 - org.eclipse.compare.win32 - 1.1.0.v20160418-1534
2019-01-21 15:23:55,164 - org.eclipse.core.filebuffers - 3.6.0.v20160503-1849
2019-01-21 15:23:55,164 - org.eclipse.core.filesystem - 1.6.0.v20160503-1608
2019-01-21 15:23:55,164 - org.eclipse.core.net - 1.3.0.v20160418-1534
2019-01-21 15:23:55,164 - org.eclipse.core.net.win32.x86 - 1.1.0.v20160323-1650
2019-01-21 15:23:55,164 - org.eclipse.core.resources - 3.11.1.20180117-1023
2019-01-21 15:23:55,179 - org.eclipse.osgi.util - 3.3.100.v20150423-1351
2019-01-21 15:23:55,179 - org.eclipse.debug.core - 3.10.100.v20160419-1720
2019-01-21 15:23:55,179 - org.eclipse.debug.ui - 3.11.202.20180117-1023
2019-01-21 15:23:55,179 - org.eclipse.equinox.event - 1.3.200.v20160324-1850
2019-01-21 15:23:55,179 - org.eclipse.ltk.core.refactoring - 3.7.0.v20160419-0705
2019-01-21 15:23:55,179 - org.eclipse.ltk.ui.refactoring - 3.8.0.v20160518-1817
2019-01-21 15:23:55,179 - org.eclipse.platform - 4.6.1.v20160907-1200
2019-01-21 15:23:55,179 - org.eclipse.platform.doc.user - 4.6.1.v20160727-2009
2019-01-21 15:23:55,179 - org.eclipse.search - 3.11.0.v20160519-1501
2019-01-21 15:23:55,179 - org.eclipse.team.core - 3.8.0.v20160418-1534
2019-01-21 15:23:55,179 - org.eclipse.team.ui - 3.8.0.v20160518-1906
2019-01-21 15:23:55,179 - org.eclipse.text - 3.6.0.v20160503-1849
2019-01-21 15:23:55,179 - org.eclipse.jface.text - 3.11.1.v20160819-1517
2019-01-21 15:23:55,195 - org.eclipse.jsch.core - 1.3.0.v20160422-1917
2019-01-21 15:23:55,195 - org.eclipse.jsch.ui - 1.3.0.v20160323-1650
2019-01-21 15:23:55,195 - org.eclipse.ui.console - 3.6.200.v20160518-1858
2019-01-21 15:23:55,195 - org.eclipse.ui.intro - 3.5.1.v20160829-1558
2019-01-21 15:23:55,195 - org.eclipse.ui.intro.universal - 3.3.1.v20160829-1558
2019-01-21 15:23:55,195 - org.eclipse.ui.cheatsheets - 3.5.0.v20160504-0839
2019-01-21 15:23:55,195 - org.eclipse.ui.browser - 3.5.1.v20160712-0914
2019-01-21 15:23:55,195 - org.eclipse.ui.monitoring - 1.1.0.v20160131-1628
2019-01-21 15:23:55,195 - org.eclipse.ui.navigator - 3.6.100.v20160518-1929
2019-01-21 15:23:55,195 - org.eclipse.ui.navigator.resources - 3.5.100.v20160518-1929
2019-01-21 15:23:55,195 - org.eclipse.ui.net - 1.3.0.v20160426-1633
2019-01-21 15:23:55,195 - org.eclipse.ui.workbench.texteditor - 3.10.1.v20160818-1626
2019-01-21 15:23:55,195 - org.eclipse.ui.views - 3.8.101.v20160816-1954
2019-01-21 15:23:55,195 - org.eclipse.ui.editors - 3.10.0.v20160505-0931
2019-01-21 15:23:55,195 - org.eclipse.ui.externaltools - 3.3.100.v20160518-1858
2019-01-21 15:23:55,195 - org.eclipse.ui.ide - 3.12.2.20180117-1023
2019-01-21 15:23:55,211 - org.eclipse.ui.ide.application - 1.1.102.20180117-1023
2019-01-21 15:23:55,211 - org.eclipse.ui.win32 - 3.3.0.v20160505-1310
2019-01-21 15:23:55,211 - org.eclipse.core.filesystem.win32.x86 - 1.4.0.v20140124-1940
2019-01-21 15:23:55,211 - org.eclipse.core.resources.win32.x86 - 3.5.100.v20140124-1940
2019-01-21 15:23:55,211 - org.eclipse.core.variables - 3.3.0.v20160419-1720
2019-01-21 15:23:55,211 - org.eclipse.ui.forms - 3.7.0.v20160518-1929
2019-01-21 15:23:55,211 - org.eclipse.ui.views.properties.tabbed - 3.7.0.v20160310-0903
2019-01-21 15:23:55,211 - org.eclipse.equinox.security - 1.2.200.v20150715-1528
2019-01-21 15:23:55,211 - org.eclipse.equinox.security.ui - 1.1.300.v20150803-1225
2019-01-21 15:23:55,211 - org.eclipse.equinox.security.win32.x86 - 1.0.300.v20130327-1442
2019-01-21 15:23:55,211 - org.eclipse.core.externaltools - 1.0.400.v20160509-1057
2019-01-21 15:23:55,211 - org.eclipse.ui.themes - 1.1.200.v20160815-0536
2019-01-21 15:23:55,211 - org.eclipse.core.runtime - 3.12.0.v20160606-1342
2019-01-21 15:23:55,211 - org.eclipse.ui.intro.quicklinks - 1.0.0.v20160515-0255
2019-01-21 15:23:55,226 - org.eclipse.mylyn.discovery.core - 3.20.0.v20160421-1819
2019-01-21 15:23:55,226 - org.eclipse.mylyn.discovery.ui - 3.20.0.v20160421-1819
2019-01-21 15:23:55,226 - org.polarion.eclipse.team.svn.connector.javahl18 - 6.0.0.I20160427-1700
2019-01-21 15:23:55,226 - org.eclipse.emf.ecore.edit - 2.9.0.v20160526-0356
2019-01-21 15:23:55,226 - org.eclipse.emf.ecore.change.edit - 2.6.0.v20160526-0356
2019-01-21 15:23:55,242 - org.eclipse.sequoyah.vnc.protocol - 2.1.0.N20120718-0509
2019-01-21 15:23:55,242 - org.eclipse.compare.examples - 3.2.0.v20160323-1650
2019-01-21 15:23:55,242 - org.eclipse.compare.examples.xml - 3.4.0.v20161002-1953
2019-01-21 15:23:55,242 - org.eclipse.debug.examples.core - 1.4.0.v20160419-1720
2019-01-21 15:23:55,242 - org.eclipse.debug.examples.ui - 1.5.0.v20160419-1720
2019-01-21 15:23:55,242 - org.eclipse.jface.examples.databinding - 1.0.300.v20160517-0715
2019-01-21 15:23:55,257 - org.eclipse.swt.examples - 3.105.3.v20161230-1118
2019-01-21 15:23:55,257 - org.eclipse.swt.examples.views - 3.105.3.v20161230-1118
2019-01-21 15:23:55,257 - org.eclipse.swt.examples.browser.demos - 3.105.3.v20161230-1118
2019-01-21 15:23:55,257 - org.eclipse.swt.examples.launcher - 3.105.3.v20161230-1118
2019-01-21 15:23:55,257 - org.eclipse.ui.examples.javaeditor - 3.2.0.v20160503-1849
2019-01-21 15:23:55,257 - org.eclipse.ui.examples.multipageeditor - 3.2.300.v20151104-0051
2019-01-21 15:23:55,257 - org.eclipse.ui.examples.propertysheet - 3.2.400.v20160329-2017
2019-01-21 15:23:55,257 - org.eclipse.ui.examples.readmetool - 3.4.0.v20160329-2017
2019-01-21 15:23:55,257 - org.eclipse.ui.examples.contributions - 3.4.0.v20160401-0528
2019-01-21 15:23:55,257 - org.eclipse.ui.examples.undo - 3.2.301.v20160329-2017
2019-01-21 15:23:55,257 - org.eclipse.ui.examples.views.properties.tabbed.article - 3.2.1.v20160330-1438
2019-01-21 15:23:55,257 - org.eclipse.ui.examples.fieldassist - 1.1.100.v20160330-1439
2019-01-21 15:23:55,257 - org.eclipse.team.examples.filesystem - 3.5.0.v20160323-1650
2019-01-21 15:23:55,257 - org.eclipse.swt.examples.ole.win32 - 3.105.3.v20161230-1118
2019-01-21 15:23:55,257 - org.eclipse.sdk.examples - 3.5.600.v20170301-0400
2019-01-21 15:23:55,257 - org.eclipse.mylyn.versions.core - 1.12.0.v20160421-1824
2019-01-21 15:23:55,257 - org.eclipse.mylyn.versions.ui - 1.12.0.v20160421-1824
2019-01-21 15:23:55,273 - org.eclipse.emf.mapping.ecore - 2.6.0.v20160526-0356
2019-01-21 15:23:55,273 - org.eclipse.emf.mapping.ecore2ecore - 2.9.0.v20160526-0356
2019-01-21 15:23:55,273 - org.eclipse.emf.mapping.ecore2xml - 2.9.0.v20160526-0356
2019-01-21 15:23:55,273 - org.eclipse.sequoyah.localization.android - 2.1.0.N20120718-0509
2019-01-21 15:23:55,273 - org.eclipse.sequoyah.localization.android.help - 2.1.1.N20120718-0509
2019-01-21 15:23:55,273 - org.eclipse.emf.codegen - 2.11.0.v20160526-0356
2019-01-21 15:23:55,289 - org.eclipse.emf - 2.6.0.v20160526-0356
2019-01-21 15:23:55,289 - org.eclipse.datatools.doc.user - 1.7.0.20090521092446
2019-01-21 15:23:55,289 - org.eclipse.datatools.oda.cshelp - 1.2.0.201603142002
2019-01-21 15:23:55,289 - org.eclipse.datatools.help - 1.6.0.201603142002
2019-01-21 15:23:55,289 - org.eclipse.wb.layout.group - 1.9.0.201608251253
2019-01-21 15:23:55,289 - org.eclipse.wb.swing.doc.user - 1.9.0.201608251253
2019-01-21 15:23:55,304 - org.eclipse.mylyn.tasks.bugs - 3.20.0.v20160425-1835
2019-01-21 15:23:55,304 - org.eclipse.mylyn.help.ui - 3.20.0.v20160425-1835
2019-01-21 15:23:55,304 - org.eclipse.draw2d - 3.10.100.201606061308
2019-01-21 15:23:55,304 - org.eclipse.emf.edit - 2.12.0.v20160526-0356
2019-01-21 15:23:55,304 - org.eclipse.mylyn.commons.core - 3.20.0.v20160421-1819
2019-01-21 15:23:55,320 - org.eclipse.mylyn.commons.screenshots - 3.20.0.v20160421-1819
2019-01-21 15:23:55,320 - org.eclipse.mylyn.commons.ui - 3.20.0.v20160421-1819
2019-01-21 15:23:55,320 - org.eclipse.mylyn.commons.workbench - 3.20.0.v20160421-1819
2019-01-21 15:23:55,320 - org.eclipse.mylyn.bugzilla.ide - 3.20.0.v20160421-1902
2019-01-21 15:23:55,320 - org.eclipse.mylyn.ide.ui - 3.20.0.v20160421-1902
2019-01-21 15:23:55,320 - org.eclipse.emf.databinding.edit - 1.3.0.v20160526-0356
2019-01-21 15:23:55,335 - org.eclipse.mylyn.trac.core - 3.20.0.v20160425-1835
2019-01-21 15:23:55,335 - org.eclipse.mylyn.trac.ui - 3.20.0.v20160425-1835
2019-01-21 15:23:55,335 - com.atollic.truestudio.pro.arm.platform - 8.2.0.20180117-1023
2019-01-21 15:23:55,335 - com.atollic.truestudio.productmanager.arm_pro - 1.0.0.20180117-1023
2019-01-21 15:23:55,335 - com.atollic.truestudio.pro.arm.doc - 1.0.0
2019-01-21 15:23:55,335 - com.atollic.truestudio.productmanager - 1.1.0.20180117-1023
2019-01-21 15:23:55,335 - com.atollic.truestudio.common.wizards - 1.1.0.20180117-1023
2019-01-21 15:23:55,335 - com.atollic.hardwaredebug.launch - 1.0.0.20180117-1023
2019-01-21 15:23:55,335 - com.atollic.truestudio.common.utilities - 1.0.0.20180117-1023
2019-01-21 15:23:55,335 - com.atollic.truestudio.common.toolchain - 1.0.0.20180117-1023
2019-01-21 15:23:55,335 - com.atollic.truestudio.dsf - 1.0.0.20180117-1023
2019-01-21 15:23:55,335 - com.atollic.truestudio.etm.core - 1.0.0.20180117-1023
2019-01-21 15:23:55,335 - com.atollic.truestudio.startup - 1.1.1.20180117-1023
2019-01-21 15:23:55,335 - com.atollic.truestudio.swv.core - 1.0.0.20180117-1023
2019-01-21 15:23:55,335 - com.atollic.truestudio.tsp - 1.0.0.20180117-1023
2019-01-21 15:23:55,335 - com.atollic.truestudio.mbs - 1.1.0.20180117-1023
2019-01-21 15:23:55,351 - com.atollic.truestudio.ui - 1.0.0.20180117-1023
2019-01-21 15:23:55,351 - com.arm.cmsis.pack.project - 2.0.1.20180117-1023
2019-01-21 15:23:55,351 - com.arm.cmsis.pack.build.settings - 2.0.1.20180117-1023
2019-01-21 15:23:55,351 - com.arm.cmsis.pack.common - 2.0.1.20180117-1023
2019-01-21 15:23:55,351 - com.arm.cmsis.pack.ui - 2.0.0.20180117-1023
2019-01-21 15:23:55,351 - com.arm.cmsis.pack - 2.0.1.20180117-1023
2019-01-21 15:23:55,351 - com.atollic.truestudio.pro.wizards - 1.0.0.20180117-1023
2019-01-21 15:23:55,351 - org.eclipse.emf.codegen.ecore - 2.12.0.v20160526-0356
2019-01-21 15:23:55,351 - org.eclipse.emf.ant - 2.8.0.v20160526-0356
2019-01-21 15:23:55,351 - org.eclipse.mylyn.hudson.core - 1.12.0.v20160524-1837
2019-01-21 15:23:55,351 - org.eclipse.mylyn.hudson.ui - 1.12.0.v20160421-2142
2019-01-21 15:23:55,367 - org.apache.commons.lang - 2.6.0.v201404270220
2019-01-21 15:23:55,367 - org.eclipse.xtext.ui - 2.10.0.v201605250459
2019-01-21 15:23:55,367 - org.eclipse.xtext.common.types.ui - 2.10.0.v201605250459
2019-01-21 15:23:55,367 - org.eclipse.xtext.common.types.shared - 2.10.0.v201605250459
2019-01-21 15:23:55,367 - org.eclipse.xtext.common.types.shared.jdt38 - 2.10.0.v201605250459
2019-01-21 15:23:55,367 - org.eclipse.xtext.ui.shared - 2.10.0.v201605250459
2019-01-21 15:23:55,367 - org.eclipse.xtext.ui.ecore - 2.10.0.v201605250459
2019-01-21 15:23:55,367 - org.eclipse.xtext.ui.codetemplates - 2.10.0.v201605250459
2019-01-21 15:23:55,367 - org.eclipse.xtext.ui.codetemplates.ui - 2.10.0.v201605250459
2019-01-21 15:23:55,367 - org.eclipse.xtext.common.types.edit - 2.10.0.v201605250459
2019-01-21 15:23:55,367 - org.eclipse.xtext.ide - 2.10.0.v201605250459
2019-01-21 15:23:55,367 - org.eclipse.epp.mpc.core - 1.5.2.v20161004-1655
2019-01-21 15:23:55,367 - org.eclipse.epp.mpc.ui - 1.5.2.v20161005-1414
2019-01-21 15:23:55,382 - org.eclipse.epp.mpc.help.ui - 1.5.2.v20161004-1655
2019-01-21 15:23:55,382 - org.apache.httpcomponents.httpclient - 4.3.6.v201511171540
2019-01-21 15:23:55,382 - org.apache.httpcomponents.httpcore - 4.3.3.v201411290715
2019-01-21 15:23:55,382 - org.eclipse.mylyn.git.core - 1.12.0.v20160421-1824
2019-01-21 15:23:55,382 - org.eclipse.mylyn.git.ui - 1.12.0.v20160421-1824
2019-01-21 15:23:55,382 - org.eclipse.datatools.connectivity.oda.consumer - 3.3.0.201603142002
2019-01-21 15:23:55,398 - org.eclipse.datatools.connectivity.oda.design - 3.4.0.201603142002
2019-01-21 15:23:55,398 - org.eclipse.datatools.connectivity.oda.profile - 3.3.0.201603142002
2019-01-21 15:23:55,398 - org.eclipse.datatools.connectivity.oda - 3.5.0.201603142002
2019-01-21 15:23:55,398 - org.eclipse.datatools.connectivity - 1.13.0.201603142002
2019-01-21 15:23:55,398 - org.eclipse.andmore.android.certmanager - 0.5.0.201605181018
2019-01-21 15:23:55,398 - org.eclipse.cdt.gdb - 7.0.0.201609121658
2019-01-21 15:23:55,398 - org.eclipse.cdt.gdb.ui - 7.0.0.201609121658
2019-01-21 15:23:55,398 - org.eclipse.pde - 3.12.1.v20160907-1200
2019-01-21 15:23:55,413 - org.eclipse.pde.build - 3.9.200.v20160204-0642
2019-01-21 15:23:55,413 - org.eclipse.pde.core - 3.11.0.v20160510-1223
2019-01-21 15:23:55,413 - org.eclipse.pde.junit.runtime - 3.5.0.v20151013-0625
2019-01-21 15:23:55,413 - org.eclipse.pde.runtime - 3.5.0.v20160418-1724
2019-01-21 15:23:55,413 - org.eclipse.pde.ui - 3.9.1.v20160813-1107
2019-01-21 15:23:55,413 - org.eclipse.pde.doc.user - 3.12.1.v20160825-1158
2019-01-21 15:23:55,413 - org.eclipse.pde.ui.templates - 3.6.0.v20160424-1948
2019-01-21 15:23:55,413 - org.eclipse.ui.views.log - 1.2.1.v20160829-0826
2019-01-21 15:23:55,413 - org.objectweb.asm - 5.0.1.v201404251740
2019-01-21 15:23:55,413 - org.objectweb.asm.tree - 5.0.1.v201404251740
2019-01-21 15:23:55,429 - org.eclipse.pde.api.tools - 1.1.1.v20160811-0626
2019-01-21 15:23:55,429 - org.eclipse.pde.api.tools.annotations - 1.0.100.v20160418-1724
2019-01-21 15:23:55,429 - org.eclipse.pde.api.tools.ui - 1.1.0.v20160519-0701
2019-01-21 15:23:55,429 - org.eclipse.pde.ds.core - 1.1.0.v20151201-1325
2019-01-21 15:23:55,429 - org.eclipse.pde.ds.ui - 1.1.0.v20160518-1843
2019-01-21 15:23:55,429 - org.eclipse.pde.launching - 3.6.400.v20160121-1248
2019-01-21 15:23:55,429 - org.eclipse.pde.ua.core - 1.0.500.v20160204-0642
2019-01-21 15:23:55,429 - org.eclipse.pde.ua.ui - 1.1.0.v20160518-1843
2019-01-21 15:23:55,429 - org.eclipse.ui.trace - 1.0.400.v20160509-1055
2019-01-21 15:23:55,445 - org.eclipse.pde.ds.annotations - 1.0.0.v20160525-1437
2019-01-21 15:23:55,445 - org.eclipse.sequoyah.localization.tools - 2.1.0.N20120718-0509
2019-01-21 15:23:55,445 - org.eclipse.sequoyah.localization.editor - 2.1.0.N20120718-0509
2019-01-21 15:23:55,460 - net.sourceforge.lpg.lpgjavaruntime - 1.1.0.v201004271650
2019-01-21 15:23:55,460 - org.eclipse.datatools.sqltools.parsers.sql.lexer - 1.1.0.201603142002
2019-01-21 15:23:55,460 - org.eclipse.datatools.sqltools.parsers.sql.query - 1.3.0.201603142002
2019-01-21 15:23:55,460 - org.eclipse.datatools.sqltools.parsers.sql.xml.query - 1.1.0.201603142002
2019-01-21 15:23:55,460 - org.eclipse.datatools.sqltools.parsers.sql - 1.1.0.201603142002
2019-01-21 15:23:55,476 - org.eclipse.mylyn.team.ui - 3.20.0.v20160421-1902
2019-01-21 15:23:55,476 - org.eclipse.team.svn - 4.0.2.I20160902-1700
2019-01-21 15:23:55,476 - org.eclipse.team.svn.core - 4.0.2.I20160902-1700
2019-01-21 15:23:55,476 - org.eclipse.team.svn.ui - 4.0.2.I20160902-1700
2019-01-21 15:23:55,476 - org.eclipse.team.svn.ui.startup - 4.0.0.I20160226-1700
2019-01-21 15:23:55,476 - org.eclipse.team.svn.help - 4.0.2.I20160902-1700
2019-01-21 15:23:55,476 - org.eclipse.xtext.activities - 2.10.0.v201605250459
2019-01-21 15:23:55,476 - org.eclipse.xtext.xtext.ui - 2.10.0.v201605250459
2019-01-21 15:23:55,491 - org.eclipse.xtext.xtext.ui.graph - 2.10.0.v201605250459
2019-01-21 15:23:55,491 - org.eclipse.xtext.doc - 2.10.0.v201605250459
2019-01-21 15:23:55,491 - org.eclipse.datatools.sqltools.sql - 1.1.0.201603142002
2019-01-21 15:23:55,491 - org.eclipse.datatools.sqltools.common.ui - 1.1.0.201603142002
2019-01-21 15:23:55,491 - org.eclipse.datatools.sqltools.plan - 1.1.0.201603142002
2019-01-21 15:23:55,491 - org.eclipse.datatools.sqltools.editor.core - 1.1.0.201603142002
2019-01-21 15:23:55,491 - org.eclipse.datatools.sqltools.sqleditor - 1.1.0.201603142002
2019-01-21 15:23:55,491 - org.eclipse.datatools.sqltools.ddlgen.ui - 1.1.0.201603142002
2019-01-21 15:23:55,491 - org.eclipse.datatools.connectivity.db.generic - 1.1.0.201603142002
2019-01-21 15:23:55,491 - org.eclipse.datatools.sqltools.editor.core.ui - 1.1.0.201603142002
2019-01-21 15:23:55,491 - org.eclipse.datatools.sqltools.sql.ui - 1.1.0.201603142002
2019-01-21 15:23:55,491 - org.eclipse.emf.common.ui - 2.11.0.v20160526-0356
2019-01-21 15:23:55,491 - org.polarion.eclipse.team.svn.connector.svnkit18 - 6.0.1.I20160627-1700
2019-01-21 15:23:55,507 - org.eclipse.mylyn.commons.repositories.core - 1.12.0.v20160421-1819
2019-01-21 15:23:55,507 - org.eclipse.mylyn.commons.repositories.ui - 1.12.0.v20160421-1819
2019-01-21 15:23:55,507 - org.eclipse.sequoyah.device.common.utilities - 2.1.0.N20120718-0509
2019-01-21 15:23:55,507 - org.eclipse.andmore.android.common - 0.5.0.201605181018
2019-01-21 15:23:55,507 - org.eclipse.andmore.android.codeutils - 0.5.0.201605181018
2019-01-21 15:23:55,507 - org.eclipse.andmore.android.translation - 0.5.0.201605181018
2019-01-21 15:23:55,507 - org.eclipse.andmore.android.codesnippets - 0.5.0.201605181018
2019-01-21 15:23:55,507 - org.eclipse.andmore.android.db.core - 0.5.0.201605181018
2019-01-21 15:23:55,523 - org.eclipse.andmore.android.logger - 0.5.0.201605181018
2019-01-21 15:23:55,523 - org.eclipse.andmore.android - 0.5.0.201605181018
2019-01-21 15:23:55,523 - org.eclipse.andmore.android.emulator - 0.5.0.201605181018
2019-01-21 15:23:55,523 - org.eclipse.andmore.android.launch - 0.5.0.201605181018
2019-01-21 15:23:55,523 - org.eclipse.andmore.android.packaging.ui - 0.5.0.201605181018
2019-01-21 15:23:55,523 - org.eclipse.andmore.android.handset - 0.5.0.201605181018
2019-01-21 15:23:55,523 - org.eclipse.andmore.android.remote - 0.5.0.201605181018
2019-01-21 15:23:55,523 - org.eclipse.andmore.android.win32.x86 - 0.5.0.201605181018
2019-01-21 15:23:55,523 - org.eclipse.andmore.android.mat - 0.5.0.201605181018
2019-01-21 15:23:55,523 - org.eclipse.andmore.android.devices.services - 0.5.0.201605181018
2019-01-21 15:23:55,523 - org.eclipse.andmore.android.db.devices - 0.5.0.201605181018
2019-01-21 15:23:55,523 - org.eclipse.andmore.android.installer - 0.5.0.201605181018
2019-01-21 15:23:55,523 - org.eclipse.andmore.android.logger.collector - 0.5.0.201605181018
2019-01-21 15:23:55,523 - org.eclipse.emf.mapping.ui - 2.7.0.v20160526-0356
2019-01-21 15:23:55,538 - org.eclipse.mylyn.monitor.core - 3.20.0.v20160421-1819
2019-01-21 15:23:55,538 - org.eclipse.mylyn.monitor.ui - 3.20.0.v20160421-1819
2019-01-21 15:23:55,538 - org.eclipse.xtext.junit4 - 2.10.0.v201605250459
2019-01-21 15:23:55,538 - org.eclipse.xtext.purexbase - 2.10.0.v201605250459
2019-01-21 15:23:55,538 - org.eclipse.xtext.purexbase.ui - 2.10.0.v201605250459
2019-01-21 15:23:55,538 - org.eclipse.xtext.m2e - 2.10.0.v201605250459
2019-01-21 15:23:55,538 - org.eclipse.xtext.idea.generator - 2.10.0.v201605250459
2019-01-21 15:23:55,538 - org.eclipse.tm.terminal.control - 4.1.0.201512010231
2019-01-21 15:23:55,554 - org.eclipse.datatools.connectivity.oda.template.ui - 3.3.0.201603142002
2019-01-21 15:23:55,554 - org.eclipse.sequoyah.vnc.vncviewer - 2.1.0.N20120718-0509
2019-01-21 15:23:55,554 - org.polarion.eclipse.team.svn.connector - 6.0.1.I20160627-1700
2019-01-21 15:23:55,569 - org.eclipse.emf.codegen.ecore.ui - 2.12.0.v20160526-0356
2019-01-21 15:23:55,569 - org.eclipse.emf.ecore.editor - 2.12.0.v20160526-0356
2019-01-21 15:23:55,569 - org.eclipse.wb.core.ui - 1.9.0.201608251253
2019-01-21 15:23:55,569 - org.eclipse.mylyn.builds.core - 1.12.0.v20160421-2142
2019-01-21 15:23:55,569 - org.eclipse.mylyn.builds.ui - 1.12.0.v20160421-2142
2019-01-21 15:23:55,585 - org.eclipse.mylyn.context.core - 3.20.0.v20160421-1902
2019-01-21 15:23:55,585 - org.eclipse.mylyn.context.ui - 3.20.0.v20160421-1902
2019-01-21 15:23:55,585 - org.eclipse.mylyn.resources.ui - 3.20.0.v20160421-1902
2019-01-21 15:23:55,585 - org.eclipse.mylyn.context.tasks.ui - 3.20.0.v20160608-1905
2019-01-21 15:23:55,585 - org.eclipse.emf.databinding - 1.3.0.v20160526-0356
2019-01-21 15:23:55,585 - org.eclipse.wb.swing - 1.9.0.201608251253
2019-01-21 15:23:55,601 - org.eclipse.wb.swing.FormLayout.lib - 1.9.0.201608251253
2019-01-21 15:23:55,601 - org.eclipse.wb.swing.FormLayout - 1.9.0.201608251253
2019-01-21 15:23:55,601 - org.eclipse.wb.swing.MigLayout.lib - 1.9.0.201608251253
2019-01-21 15:23:55,601 - org.eclipse.wb.swing.MigLayout - 1.9.0.201608251253
2019-01-21 15:23:55,601 - org.eclipse.wb.swing.databinding - 1.9.0.201608251253
2019-01-21 15:23:55,601 - org.eclipse.wb.swing.jsr296 - 1.9.0.201608251253
2019-01-21 15:23:55,601 - org.eclipse.wb.swing.java6 - 1.9.0.201608251253
2019-01-21 15:23:55,616 - org.eclipse.datatools.connectivity.sqm.core.ui - 1.3.0.201603142002
2019-01-21 15:23:55,616 - org.eclipse.datatools.connectivity.sqm.core - 1.3.0.201603142002
2019-01-21 15:23:55,616 - org.eclipse.datatools.connectivity.sqm.server.ui - 1.2.0.201603142002
2019-01-21 15:23:55,616 - org.eclipse.datatools.connectivity.ui.dse - 1.2.0.201603142002
2019-01-21 15:23:55,616 - org.eclipse.datatools.connectivity.ui - 1.3.0.201603142002
2019-01-21 15:23:55,616 - org.eclipse.datatools.connectivity - 1.13.0.201603142002
2019-01-21 15:23:55,616 - org.eclipse.datatools.help - 1.6.0.201603142002
2019-01-21 15:23:55,616 - org.eclipse.datatools.connectivity.console.profile - 1.1.0.201603142002
2019-01-21 15:23:55,616 - org.eclipse.ant.optional.junit - 3.3.200.v20160315-2119
2019-01-21 15:23:55,616 - org.eclipse.test - 3.3.200.v20151106-1314
2019-01-21 15:23:55,632 - org.eclipse.test.performance - 3.12.0.v20170213-1316
2019-01-21 15:23:55,632 - org.eclipse.test.performance.win32 - 3.1.200.v20140518-1929
2019-01-21 15:23:55,632 - org.junit - 4.12.0.v201504281640
2019-01-21 15:23:55,632 - org.easymock - 2.4.0.v20090202-0900
2019-01-21 15:23:55,632 - org.hamcrest.core - 1.3.0.v201303031735
2019-01-21 15:23:55,632 - org.eclipse.recommenders.news - 2.4.3.v20160913-0645
2019-01-21 15:23:55,632 - org.eclipse.recommenders.news.api - 2.4.3.v20160913-0645
2019-01-21 15:23:55,632 - org.eclipse.recommenders.news.impl - 2.4.4.20180117-1023
2019-01-21 15:23:55,632 - org.eclipse.recommenders.news.rcp - 2.4.4.20180117-1023
