2019-01-21 15:23:55,632 [Worker-8] DEBUG class java.lang.Class - Starting Andmore Common Plugin...
2019-01-21 15:23:55,632 [Worker-8] DEBUG class java.lang.Class - Andmore Common Plugin started.
2019-01-21 15:23:55,632 [Worker-8] DEBUG class java.lang.Class - Starting Andmore Plugin...
2019-01-21 15:23:55,632 [Worker-8] DEBUG class java.lang.Class - Andmore Plugin started.
2019-01-21 15:23:55,663 [Worker-8] DEBUG class java.lang.Class - Starting Andmore Emulator Plugin...
2019-01-21 15:23:55,679 [Worker-8] DEBUG class java.lang.Class - Andmore Emulator Plugin started.
2019-01-21 15:23:55,741 [Worker-8] DEBUG class java.lang.Class - Starting Andmore Device Services Plugin...
2019-01-21 15:23:55,741 [Worker-8] DEBUG class java.lang.Class - Andmore Device Services Plugin started.
2019-01-21 15:23:55,757 [Worker-8] DEBUG class java.lang.Class - Starting Andmore Handset Plugin...
2019-01-21 15:23:55,757 [Worker-8] DEBUG class java.lang.Class - Andmore Handset Plugin started.
2019-01-21 15:23:55,757 [Worker-8] DEBUG class java.lang.Class - Starting Andmore Remote Device Plugin...
2019-01-21 15:23:55,757 [Worker-8] DEBUG class java.lang.Class - Starting Andmore Remote Device Plugin started.
2019-01-21 15:23:55,772 [Worker-8] ERROR Studio for Android - Handler could not be instanced(PLUGIN=org.eclipse.sequoyah.device.framework;ERROR=202)
2019-01-21 15:23:55,772 [Worker-8] ERROR Studio for Android - Handler could not be instanced(PLUGIN=org.eclipse.sequoyah.device.framework;ERROR=202)
2019-01-21 15:23:55,772 [Worker-8] ERROR Studio for Android - Handler could not be instanced(PLUGIN=org.eclipse.sequoyah.device.framework;ERROR=202)
2019-01-21 15:23:55,772 [Worker-8] ERROR Studio for Android - Handler could not be instanced(PLUGIN=org.eclipse.sequoyah.device.framework;ERROR=202)
2019-01-21 15:23:55,772 [Worker-8] ERROR Studio for Android - Handler could not be instanced(PLUGIN=org.eclipse.sequoyah.device.framework;ERROR=202)
2019-01-21 15:23:55,772 [Worker-8] ERROR Studio for Android - Handler could not be instanced(PLUGIN=org.eclipse.sequoyah.device.framework;ERROR=202)
2019-01-21 15:23:55,772 [Worker-8] ERROR Studio for Android - Handler could not be instanced(PLUGIN=org.eclipse.sequoyah.device.framework;ERROR=202)
2019-01-21 15:23:55,772 [Worker-8] ERROR Studio for Android - Handler could not be instanced(PLUGIN=org.eclipse.sequoyah.device.framework;ERROR=202)
2019-01-21 15:23:55,772 [Worker-8] ERROR Studio for Android - Handler could not be instanced(PLUGIN=org.eclipse.sequoyah.device.framework;ERROR=202)
2019-01-21 15:23:55,772 [Worker-8] ERROR Studio for Android - Handler could not be instanced(PLUGIN=org.eclipse.sequoyah.device.framework;ERROR=202)
2019-01-21 15:23:55,772 [Worker-8] ERROR Studio for Android - Handler could not be instanced(PLUGIN=org.eclipse.sequoyah.device.framework;ERROR=202)
2019-01-21 15:23:55,772 [Worker-8] ERROR Studio for Android - Handler could not be instanced(PLUGIN=org.eclipse.sequoyah.device.framework;ERROR=202)
2019-01-21 15:23:55,772 [Worker-8] ERROR Studio for Android - Handler could not be instanced(PLUGIN=org.eclipse.sequoyah.device.framework;ERROR=202)
2019-01-21 15:23:55,772 [Worker-8] ERROR Studio for Android - Handler could not be instanced(PLUGIN=org.eclipse.sequoyah.device.framework;ERROR=202)
2019-01-21 15:23:55,772 [Worker-8] ERROR Studio for Android - Handler could not be instanced(PLUGIN=org.eclipse.sequoyah.device.framework;ERROR=202)
2019-01-21 15:23:55,772 [Worker-8] ERROR Studio for Android - Handler could not be instanced(PLUGIN=org.eclipse.sequoyah.device.framework;ERROR=202)
2019-01-21 15:23:55,772 [Worker-8] ERROR Studio for Android - Handler could not be instanced(PLUGIN=org.eclipse.sequoyah.device.framework;ERROR=202)
2019-01-21 15:23:55,772 [Worker-8] ERROR Studio for Android - Handler could not be instanced(PLUGIN=org.eclipse.sequoyah.device.framework;ERROR=202)
2019-01-21 15:23:55,772 [Worker-8] ERROR Studio for Android - Handler could not be instanced(PLUGIN=org.eclipse.sequoyah.device.framework;ERROR=202)
2019-01-21 15:23:55,772 [Worker-8] ERROR Studio for Android - Handler could not be instanced(PLUGIN=org.eclipse.sequoyah.device.framework;ERROR=202)
2019-01-21 15:23:55,772 [Worker-8] ERROR Studio for Android - Handler could not be instanced(PLUGIN=org.eclipse.sequoyah.device.framework;ERROR=202)
2019-01-21 15:23:55,772 [Worker-8] ERROR Studio for Android - Handler could not be instanced(PLUGIN=org.eclipse.sequoyah.device.framework;ERROR=202)
2019-01-21 15:23:55,772 [Worker-8] ERROR Studio for Android - Handler could not be instanced(PLUGIN=org.eclipse.sequoyah.device.framework;ERROR=202)
2019-01-21 15:23:55,772 [Worker-8] ERROR Studio for Android - Handler could not be instanced(PLUGIN=org.eclipse.sequoyah.device.framework;ERROR=202)
2019-01-21 15:23:55,772 [Worker-8] ERROR Studio for Android - Handler could not be instanced(PLUGIN=org.eclipse.sequoyah.device.framework;ERROR=202)
2019-01-21 15:23:55,772 [Worker-8] ERROR Studio for Android - Handler could not be instanced(PLUGIN=org.eclipse.sequoyah.device.framework;ERROR=202)
2019-01-21 15:23:55,772 [Worker-8] ERROR Studio for Android - Handler could not be instanced(PLUGIN=org.eclipse.sequoyah.device.framework;ERROR=202)
2019-01-21 15:23:55,772 [Worker-8] ERROR Studio for Android - Handler could not be instanced(PLUGIN=org.eclipse.sequoyah.device.framework;ERROR=202)
2019-01-21 15:23:55,772 [Worker-8] ERROR Studio for Android - Handler could not be instanced(PLUGIN=org.eclipse.sequoyah.device.framework;ERROR=202)
2019-01-21 15:23:55,772 [Worker-8] ERROR Studio for Android - Handler could not be instanced(PLUGIN=org.eclipse.sequoyah.device.framework;ERROR=202)
2019-01-21 15:23:55,772 [Worker-8] INFO  Studio for Android - [Status: id=org.eclipse.andmore.android.emulator.status.offline;name=Offline]
2019-01-21 15:23:55,772 [Worker-8] INFO  Studio for Android - [Status: id=org.eclipse.andmore.android.handset.status.handsetonline;name=Online]
2019-01-21 15:23:55,772 [Worker-8] INFO  Studio for Android - [Status: id=INACTIVE;name=INACTIVE]
2019-01-21 15:23:55,772 [Worker-8] INFO  Studio for Android - [Status: id=org.eclipse.andmore.android.emulator.status.notavailable;name=Not available]
2019-01-21 15:23:55,772 [Worker-8] INFO  Studio for Android - [Status: id=IDLE;name=IDLE]
2019-01-21 15:23:55,772 [Worker-8] INFO  Studio for Android - [Status: id=org.eclipse.andmore.android.remote.status.connected;name=Connected]
2019-01-21 15:23:55,772 [Worker-8] INFO  Studio for Android - [Status: id=org.eclipse.andmore.android.remote.status.disconnected;name=Disconnected]
2019-01-21 15:23:55,772 [Worker-8] INFO  Studio for Android - [Status: id=org.eclipse.andmore.android.emulator.status.online;name=Online]
2019-01-21 15:23:55,772 [Worker-8] INFO  Studio for Android - [Status: id=OFF;name=OFF]
2019-01-21 15:23:55,772 [Worker-8] INFO  Studio for Android - [Status: id=org.eclipse.andmore.android.emulator.status.offlineNoData;name=Offline (no user data)]
2019-01-21 15:26:11,859 [main] DEBUG class java.lang.Class - Starting Eclipse Andmore Database Core Plugin...
2019-01-21 15:26:11,890 [main] DEBUG Studio for Android - JDBC Driver Location:bundleentry://470.fwk19536994/res/androidjdbc.jar JDBC Driver getBundle().getLocation():reference:file:plugins/org.eclipse.andmore.android.common_0.5.0.201605181018.jar
2019-01-21 15:26:11,890 [main] DEBUG Studio for Android - JDBC Driver Path:D:\Apps\TrueSTUDIO for STM32 9.0.0\ide\configuration\org.eclipse.osgi\470\0\.cp\res\androidjdbc.jar
2019-01-21 15:26:11,890 [main] DEBUG Studio for Android - JDBC Driver Location:bundleentry://470.fwk19536994/res/androidjdbc.jar JDBC Driver getBundle().getLocation():reference:file:plugins/org.eclipse.andmore.android.common_0.5.0.201605181018.jar
2019-01-21 15:26:11,890 [main] DEBUG Studio for Android - JDBC Driver Path:D:\Apps\TrueSTUDIO for STM32 9.0.0\ide\configuration\org.eclipse.osgi\470\0\.cp\res\androidjdbc.jar
2019-01-21 15:26:11,906 [main] INFO  Studio for Android - Created a JDBC driver instance at Data Tools.
2019-01-21 15:26:11,921 [main] DEBUG class java.lang.Class - Eclipse Andmore Database Core Plugin started.
2019-01-21 15:26:11,921 [main] DEBUG class java.lang.Class - Starting Eclipse Andmore Database Devices Support Plugin...
2019-01-21 15:26:11,921 [main] DEBUG class java.lang.Class - Eclipse Andmore Database Devices Support Plugin started...
2019-01-21 15:26:12,779 [Framework stop] DEBUG Studio for Android - org.eclipse.sequoyah.device.service.start.StartServicePlugin-SHUTDOWN
2019-01-21 15:26:12,795 [Framework stop] DEBUG Studio for Android - org.eclipse.sequoyah.device.framework.ui.DeviceUIPlugin-SHUTDOWN
2019-01-21 15:26:12,795 [Framework stop] DEBUG Studio for Android - org.eclipse.sequoyah.device.service.stop.StopServicePlugin-SHUTDOWN
2019-01-21 15:26:12,795 [Framework stop] DEBUG Studio for Android - org.eclipse.sequoyah.device.framework.DevicePlugin-SHUTDOWN
